<?xml version="1.0" encoding="UTF-8"?>
<!-- Generated by org.testng.reporters.JUnitReportReporter -->
<testsuite hostname="LAPTOP-I2MVIV59" failures="0" tests="3" name="CucumberOptions.TestNGTestRunner" time="43.177" errors="0" timestamp="2023-12-21T13:31:56 IST" skipped="0">
  <testcase classname="CucumberOptions.TestNGTestRunner" name="runScenario" time="14.444"/>
  <testcase classname="CucumberOptions.TestNGTestRunner" name="runScenario" time="14.475"/>
  <testcase classname="CucumberOptions.TestNGTestRunner" name="runScenario" time="14.258"/>
</testsuite> <!-- CucumberOptions.TestNGTestRunner -->
