<?xml version="1.0" encoding="UTF-8"?>
<!-- Generated by org.testng.reporters.JUnitReportReporter -->
<testsuite hostname="LAPTOP-I2MVIV59" failures="0" tests="3" name="CucumberOptions.TestNGTestRunner" time="33.541" errors="0" timestamp="2023-12-21T15:00:51 IST" skipped="0">
  <testcase classname="CucumberOptions.TestNGTestRunner" name="runScenario" time="11.774"/>
  <testcase classname="CucumberOptions.TestNGTestRunner" name="runScenario" time="11.400"/>
  <testcase classname="CucumberOptions.TestNGTestRunner" name="runScenario" time="10.367"/>
</testsuite> <!-- CucumberOptions.TestNGTestRunner -->
