<?xml version="1.0" encoding="UTF-8"?>
<!-- Generated by org.testng.reporters.JUnitReportReporter -->
<testsuite hostname="LAPTOP-I2MVIV59" failures="0" tests="3" name="CucumberOptions.TestNGTestRunner" time="32.275" errors="0" timestamp="2023-12-21T13:33:48 IST" skipped="0">
  <testcase classname="CucumberOptions.TestNGTestRunner" name="runScenario" time="10.680"/>
  <testcase classname="CucumberOptions.TestNGTestRunner" name="runScenario" time="10.125"/>
  <testcase classname="CucumberOptions.TestNGTestRunner" name="runScenario" time="11.470"/>
</testsuite> <!-- CucumberOptions.TestNGTestRunner -->
